<?xml version="1.0" encoding="UTF-8"?>
<testsuite name="org.jsoup.nodes.AttributeTest" tests="6" skipped="0" failures="0" errors="0" timestamp="2023-09-17T17:22:02" hostname="PHYLIX" time="0.002">
  <properties/>
  <testcase name="settersOnOrphanAttribute" classname="org.jsoup.nodes.AttributeTest" time="0.0"/>
  <testcase name="testWithSupplementaryCharacterInAttributeKeyAndValue" classname="org.jsoup.nodes.AttributeTest" time="0.001"/>
  <testcase name="html" classname="org.jsoup.nodes.AttributeTest" time="0.0"/>
  <testcase name="booleanAttributesAreEmptyStringValues" classname="org.jsoup.nodes.AttributeTest" time="0.0"/>
  <testcase name="validatesKeysNotEmpty" classname="org.jsoup.nodes.AttributeTest" time="0.0"/>
  <testcase name="validatesKeysNotEmptyViaSet" classname="org.jsoup.nodes.AttributeTest" time="0.001"/>
  <system-out><![CDATA[]]></system-out>
  <system-err><![CDATA[]]></system-err>
</testsuite>
