<?xml version="1.0" encoding="UTF-8" ?>
<testsuite errors="0" failures="0" hostname="Phylix" name="org.jsoup.helper.DataUtilTest" skipped="0" tests="15" time="0.173" timestamp="2023-09-17T17:08:22">
  <properties>
    <property name="java.vendor" value="Oracle Corporation" />
    <property name="env.EnableLog" value="INFO" />
    <property name="env.USERDOMAIN_ROAMINGPROFILE" value="PHYLIX" />
    <property name="sun.java.launcher" value="SUN_STANDARD" />
    <property name="sun.management.compiler" value="HotSpot 64-Bit Tiered Compilers" />
    <property name="env.PROMPT" value="$P$G" />
    <property name="env.DriverData" value="C:\Windows\System32\Drivers\DriverData" />
    <property name="os.name" value="Windows 11" />
    <property name="sun.boot.class.path" value="C:\Program Files\Java\jdk-1.8\jre\lib\resources.jar;C:\Program Files\Java\jdk-1.8\jre\lib\rt.jar;C:\Program Files\Java\jdk-1.8\jre\lib\jsse.jar;C:\Program Files\Java\jdk-1.8\jre\lib\jce.jar;C:\Program Files\Java\jdk-1.8\jre\lib\charsets.jar;C:\Program Files\Java\jdk-1.8\jre\lib\jfr.jar;C:\Program Files\Java\jdk-1.8\jre\classes" />
    <property name="env.COMPUTERNAME" value="PHYLIX" />
    <property name="env.CommonProgramW6432" value="C:\Program Files\Common Files" />
    <property name="env.ALLUSERSPROFILE" value="C:\ProgramData" />
    <property name="sun.desktop" value="windows" />
    <property name="env.RlsSvcPort" value="22112" />
    <property name="java.vm.specification.vendor" value="Oracle Corporation" />
    <property name="ant.home" value="C:\Libraries\apache-ant-1.10.14\bin\.." />
    <property name="java.runtime.version" value="1.8.0_381-b09" />
    <property name="ant.file.type.huijunl2" value="file" />
    <property name="env.HOMEPATH" value="\Users\felix" />
    <property name="env.ACSvcPort" value="17532" />
    <property name="user.name" value="felix" />
    <property name="user.language" value="en" />
    <property name="sun.boot.library.path" value="C:\Program Files\Java\jdk-1.8\jre\bin" />
    <property name="ant.project.default-target" value="build" />
    <property name="ant.project.name" value="huijunl2" />
    <property name="java.version" value="1.8.0_381" />
    <property name="env.PROCESSOR_IDENTIFIER" value="Intel64 Family 6 Model 154 Stepping 3, GenuineIntel" />
    <property name="user.timezone" value="" />
    <property name="env.TEMP" value="C:\Users\felix\AppData\Local\Temp" />
    <property name="sun.arch.data.model" value="64" />
    <property name="java.endorsed.dirs" value="C:\Program Files\Java\jdk-1.8\jre\lib\endorsed" />
    <property name="env._JAVACMD" value="C:\Program Files\Java\jdk-1.8\bin\java.exe" />
    <property name="sun.cpu.isalist" value="amd64" />
    <property name="env.HOMEDRIVE" value="C:" />
    <property name="sun.jnu.encoding" value="Cp1252" />
    <property name="file.encoding.pkg" value="sun.io" />
    <property name="file.separator" value="\" />
    <property name="java.specification.name" value="Java Platform API Specification" />
    <property name="env.PyCharm" value="C:\Program Files\JetBrains\PyCharm 2022.3\bin;" />
    <property name="java.class.version" value="52.0" />
    <property name="user.country" value="US" />
    <property name="java.home" value="C:\Program Files\Java\jdk-1.8\jre" />
    <property name="env.PSModulePath" value="C:\Users\felix\OneDrive\Documents\WindowsPowerShell\Modules;C:\Program Files\WindowsPowerShell\Modules;C:\WINDOWS\system32\WindowsPowerShell\v1.0\Modules" />
    <property name="env.APPDATA" value="C:\Users\felix\AppData\Roaming" />
    <property name="env.PUBLIC" value="C:\Users\Public" />
    <property name="java.vm.info" value="mixed mode" />
    <property name="env.ComSpec" value="C:\WINDOWS\system32\cmd.exe" />
    <property name="env.OS" value="Windows_NT" />
    <property name="env.CommonProgramFiles" value="C:\Program Files\Common Files" />
    <property name="ant.file" value="C:\Niji\projects\CS427CourseProject\MP1\jsoup\build.xml" />
    <property name="os.version" value="10.0" />
    <property name="env.ProgramW6432" value="C:\Program Files" />
    <property name="env._USE_CLASSPATH" value="no" />
    <property name="env.WSLENV" value="WT_SESSION::WT_PROFILE_ID" />
    <property name="path.separator" value=";" />
    <property name="java.vm.version" value="25.381-b09" />
    <property name="env.ZES_ENABLE_SYSMAN" value="1" />
    <property name="ant.file.huijunl2" value="C:\Niji\projects\CS427CourseProject\MP1\jsoup\build.xml" />
    <property name="user.variant" value="" />
    <property name="env.USERPROFILE" value="C:\Users\felix" />
    <property name="env.WT_PROFILE_ID" value="{61c54bbd-c2c6-5271-96e7-009a87ff44bf}" />
    <property name="ant.library.dir" value="C:\Libraries\apache-ant-1.10.14\lib" />
    <property name="junit.output.dir" value="ant-target/reports" />
    <property name="env.JAVA_HOME" value="C:\Program Files\Java\jdk-1.8" />
    <property name="java.awt.printerjob" value="sun.awt.windows.WPrinterJob" />
    <property name="env.TMP" value="C:\Users\felix\AppData\Local\Temp" />
    <property name="sun.io.unicode.encoding" value="UnicodeLittle" />
    <property name="java.specification.maintenance.version" value="5" />
    <property name="awt.toolkit" value="sun.awt.windows.WToolkit" />
    <property name="sun.stdout.encoding" value="cp437" />
    <property name="user.script" value="" />
    <property name="user.home" value="C:\Users\felix" />
    <property name="target" value="1.8" />
    <property name="env.ProgramData" value="C:\ProgramData" />
    <property name="env.ProgramFiles(x86)" value="C:\Program Files (x86)" />
    <property name="java.specification.vendor" value="Oracle Corporation" />
    <property name="java.vendor.url" value="http://java.oracle.com/" />
    <property name="java.library.path" value="C:\Program Files\Java\jdk-1.8\jre\bin;C:\WINDOWS\Sun\Java\bin;C:\WINDOWS\system32;C:\WINDOWS;C:\Program Files (x86)\Common Files\Oracle\Java\javapath;C:\Windows\system32;C:\Windows;C:\Windows\System32\Wbem;C:\Windows\System32\WindowsPowerShell\v1.0\;C:\Windows\System32\OpenSSH\;C:\Program Files (x86)\NVIDIA Corporation\PhysX\Common;C:\Program Files\NVIDIA Corporation\NVIDIA NvDLISR;C:\WINDOWS\system32;C:\WINDOWS;C:\WINDOWS\System32\Wbem;C:\WINDOWS\System32\WindowsPowerShell\v1.0\;C:\WINDOWS\System32\OpenSSH\;C:\Program Files\mongosh-1.6.2-win32-x64\bin;C:\Program Files\GitHub CLI\;C:\Program Files\Docker\Docker\resources\bin;C:\Program Files\Amazon\AWSCLIV2\;C:\Users\felix\AppData\Roaming\Python\Python311\Scripts\;C:\Program Files\Git\cmd;C:\Program Files\nodejs\;C:\Libraries\apache-maven-3.9.4\bin;C:\Libraries\apache-ant-1.10.14\bin;C:\Libraries\gradle-8.3\bin;C:\Program Files\Java\jdk-1.8\bin;C:\Users\felix\AppData\Local\Programs\Python\Python311\;C:\Users\felix\AppData\Local\Microsoft\WindowsApps;C:\Program Files\JetBrains\JetBrains Rider 2022.2.4\bin;C:\Program Files\JetBrains\PyCharm 2022.3\bin;C:\Users\felix\AppData\Local\Programs\Microsoft VS Code\bin;C:\Users\felix\AppData\Roaming\npm;." />
    <property name="env.NUMBER_OF_PROCESSORS" value="20" />
    <property name="java.vm.vendor" value="Oracle Corporation" />
    <property name="java.runtime.name" value="Java(TM) SE Runtime Environment" />
    <property name="java.class.path" value="C:\Niji\projects\CS427CourseProject\MP1\jsoup\ant-libs\gson-2.7.jar;C:\Niji\projects\CS427CourseProject\MP1\jsoup\ant-libs\hamcrest-core-1.3.jar;C:\Niji\projects\CS427CourseProject\MP1\jsoup\ant-libs\javax.servlet-api-3.1.0.jar;C:\Niji\projects\CS427CourseProject\MP1\jsoup\ant-libs\jetty-http-9.2.28.v20190418.jar;C:\Niji\projects\CS427CourseProject\MP1\jsoup\ant-libs\jetty-io-9.2.28.v20190418.jar;C:\Niji\projects\CS427CourseProject\MP1\jsoup\ant-libs\jetty-security-9.2.28.v20190418.jar;C:\Niji\projects\CS427CourseProject\MP1\jsoup\ant-libs\jetty-server-9.2.28.v20190418.jar;C:\Niji\projects\CS427CourseProject\MP1\jsoup\ant-libs\jetty-servlet-9.2.28.v20190418.jar;C:\Niji\projects\CS427CourseProject\MP1\jsoup\ant-libs\jetty-util-9.2.28.v20190418.jar;C:\Niji\projects\CS427CourseProject\MP1\jsoup\ant-libs\junit-4.12.jar;C:\Niji\projects\CS427CourseProject\MP1\jsoup\ant-target\test-classes;C:\Niji\projects\CS427CourseProject\MP1\jsoup\ant-target\classes;C:\Libraries\apache-ant-1.10.14\lib\ant-launcher.jar;C:\Libraries\apache-ant-1.10.14\lib\ant.jar;C:\Libraries\apache-ant-1.10.14\lib\ant-junit.jar;C:\Libraries\apache-ant-1.10.14\lib\ant-junit4.jar" />
    <property name="sun.java.command" value="org.apache.tools.ant.taskdefs.optional.junit.JUnitTestRunner org.jsoup.helper.DataUtilTest skipNonTests=false filtertrace=true haltOnError=false haltOnFailure=false formatter=org.apache.tools.ant.taskdefs.optional.junit.OutErrSummaryJUnitResultFormatter showoutput=false outputtoformatters=true logfailedtests=true threadid=0 logtestlistenerevents=false formatter=org.apache.tools.ant.taskdefs.optional.junit.XMLJUnitResultFormatter,C:\Niji\projects\CS427CourseProject\MP1\jsoup\ant-target\reports\TEST-org.jsoup.helper.DataUtilTest.xml crashfile=C:\Niji\projects\CS427CourseProject\MP1\jsoup\junitvmwatcher5059311616312031266.properties propsfile=C:\Niji\projects\CS427CourseProject\MP1\jsoup\junit434970419673431986.properties" />
    <property name="ant.version" value="Apache Ant(TM) version 1.10.14 compiled on August 16 2023" />
    <property name="env.ANT_OPTS" value=" " />
    <property name="env.WT_SESSION" value="8480a2a9-7e67-472b-a977-df3289e2086a" />
    <property name="java.vm.specification.name" value="Java Virtual Machine Specification" />
    <property name="ant.file.type" value="file" />
    <property name="env.LOGONSERVER" value="\\PHYLIX" />
    <property name="env.windir" value="C:\WINDOWS" />
    <property name="java.vm.specification.version" value="1.8" />
    <property name="env.PROCESSOR_ARCHITECTURE" value="AMD64" />
    <property name="sun.os.patch.level" value="" />
    <property name="sun.cpu.endian" value="little" />
    <property name="debuglevel" value="source,lines,vars" />
    <property name="env.OneDrive" value="C:\Users\felix\OneDrive" />
    <property name="env.ProgramFiles" value="C:\Program Files" />
    <property name="env.ANT_HOME" value="C:\Libraries\apache-ant-1.10.14\bin\.." />
    <property name="java.io.tmpdir" value="C:\Users\felix\AppData\Local\Temp\" />
    <property name="env.PROCESSOR_REVISION" value="9a03" />
    <property name="env.CommonProgramFiles(x86)" value="C:\Program Files (x86)\Common Files" />
    <property name="java.vendor.url.bug" value="http://bugreport.sun.com/bugreport/" />
    <property name="env.OneDriveConsumer" value="C:\Users\felix\OneDrive" />
    <property name="env.SystemRoot" value="C:\WINDOWS" />
    <property name="os.arch" value="amd64" />
    <property name="env.ANT_CMD_LINE_ARGS" value=" test" />
    <property name="java.awt.graphicsenv" value="sun.awt.Win32GraphicsEnvironment" />
    <property name="java.ext.dirs" value="C:\Program Files\Java\jdk-1.8\jre\lib\ext;C:\WINDOWS\Sun\Java\lib\ext" />
    <property name="user.dir" value="C:\Niji\projects\CS427CourseProject\MP1\jsoup" />
    <property name="env.LOCALAPPDATA" value="C:\Users\felix\AppData\Local" />
    <property name="env.JetBrains Rider" value="C:\Program Files\JetBrains\JetBrains Rider 2022.2.4\bin;" />
    <property name="line.separator" value="&#xd;&#xa;" />
    <property name="java.vm.name" value="Java HotSpot(TM) 64-Bit Server VM" />
    <property name="env.PATHEXT" value=".COM;.EXE;.BAT;.CMD;.VBS;.VBE;.JS;.JSE;.WSF;.WSH;.MSC;.CPL" />
    <property name="env.Path" value="C:\Program Files (x86)\Common Files\Oracle\Java\javapath;C:\Windows\system32;C:\Windows;C:\Windows\System32\Wbem;C:\Windows\System32\WindowsPowerShell\v1.0\;C:\Windows\System32\OpenSSH\;C:\Program Files (x86)\NVIDIA Corporation\PhysX\Common;C:\Program Files\NVIDIA Corporation\NVIDIA NvDLISR;C:\WINDOWS\system32;C:\WINDOWS;C:\WINDOWS\System32\Wbem;C:\WINDOWS\System32\WindowsPowerShell\v1.0\;C:\WINDOWS\System32\OpenSSH\;C:\Program Files\mongosh-1.6.2-win32-x64\bin;C:\Program Files\GitHub CLI\;C:\Program Files\Docker\Docker\resources\bin;C:\Program Files\Amazon\AWSCLIV2\;C:\Users\felix\AppData\Roaming\Python\Python311\Scripts\;C:\Program Files\Git\cmd;C:\Program Files\nodejs\;C:\Libraries\apache-maven-3.9.4\bin;C:\Libraries\apache-ant-1.10.14\bin;C:\Libraries\gradle-8.3\bin;C:\Program Files\Java\jdk-1.8\bin;C:\Users\felix\AppData\Local\Programs\Python\Python311\;C:\Users\felix\AppData\Local\Microsoft\WindowsApps;C:\Program Files\JetBrains\JetBrains Rider 2022.2.4\bin;C:\Program Files\JetBrains\PyCharm 2022.3\bin;C:\Users\felix\AppData\Local\Programs\Microsoft VS Code\bin;C:\Users\felix\AppData\Roaming\npm" />
    <property name="basedir" value="C:\Niji\projects\CS427CourseProject\MP1\jsoup" />
    <property name="ant.java.version" value="1.8" />
    <property name="ant.core.lib" value="C:\Libraries\apache-ant-1.10.14\lib\ant.jar" />
    <property name="env.USERNAME" value="felix" />
    <property name="env.SystemDrive" value="C:" />
    <property name="source" value="1.8" />
    <property name="sun.stderr.encoding" value="cp437" />
    <property name="file.encoding" value="Cp1252" />
    <property name="env.ACSetupSvcPort" value="23210" />
    <property name="env.USERDOMAIN" value="PHYLIX" />
    <property name="java.specification.version" value="1.8" />
    <property name="env.=C:" value="C:\Niji\projects\CS427CourseProject\MP1\jsoup" />
    <property name="ant.project.invoked-targets" value="test" />
    <property name="env.PROCESSOR_LEVEL" value="6" />
  </properties>
  <testcase classname="org.jsoup.helper.DataUtilTest" name="firstMetaElementWithCharsetShouldBeUsedForDecoding" time="0.079" />
  <testcase classname="org.jsoup.helper.DataUtilTest" name="secondMetaElementWithContentTypeContainsCharsetParameter" time="0.0" />
  <testcase classname="org.jsoup.helper.DataUtilTest" name="supportsUTF8BOM" time="0.015" />
  <testcase classname="org.jsoup.helper.DataUtilTest" name="generatesMimeBoundaries" time="0.0" />
  <testcase classname="org.jsoup.helper.DataUtilTest" name="discardsSpuriousByteOrderMarkWhenNoCharsetSet" time="0.0" />
  <testcase classname="org.jsoup.helper.DataUtilTest" name="discardsSpuriousByteOrderMark" time="0.003" />
  <testcase classname="org.jsoup.helper.DataUtilTest" name="shouldCorrectCharsetForDuplicateCharsetString" time="0.0" />
  <testcase classname="org.jsoup.helper.DataUtilTest" name="shouldNotThrowExceptionOnEmptyCharset" time="0.0" />
  <testcase classname="org.jsoup.helper.DataUtilTest" name="testCharset" time="0.0" />
  <testcase classname="org.jsoup.helper.DataUtilTest" name="supportsBOMinFiles" time="0.0" />
  <testcase classname="org.jsoup.helper.DataUtilTest" name="testQuotedCharset" time="0.0" />
  <testcase classname="org.jsoup.helper.DataUtilTest" name="wrongMetaCharsetFallback" time="0.0" />
  <testcase classname="org.jsoup.helper.DataUtilTest" name="shouldSelectFirstCharsetOnWeirdMultileCharsetsInMetaTags" time="0.0" />
  <testcase classname="org.jsoup.helper.DataUtilTest" name="shouldReturnNullForIllegalCharsetNames" time="0.0" />
  <testcase classname="org.jsoup.helper.DataUtilTest" name="supportsXmlCharsetDeclaration" time="0.013" />
  <system-out><![CDATA[]]></system-out>
  <system-err><![CDATA[]]></system-err>
</testsuite>
